<?xml version="1.0" encoding="UTF-8"?>
<!-- Generated by org.testng.reporters.JUnitReportReporter -->
<testsuite hostname="DESKTOP-T8B8QGB" failures="0" tests="1" name="cucumber.TestNGTestRunner" time="19.075" errors="0" timestamp="2022-09-16T17:12:19 IST" skipped="0">
  <testcase classname="cucumber.TestNGTestRunner" name="runScenario" time="19.075"/>
  <system-out/>
</testsuite> <!-- cucumber.TestNGTestRunner -->
