<?xml version="1.0" encoding="UTF-8"?>
<!-- Generated by org.testng.reporters.JUnitReportReporter -->
<testsuite hostname="DESKTOP-T8B8QGB" failures="0" tests="2" name="rahulshettyacademy.tests.SubmitOrderTest" time="37.250" errors="0" timestamp="2022-09-11T00:35:20 IST" skipped="0">
  <testcase classname="rahulshettyacademy.tests.SubmitOrderTest" name="submitOrder" time="18.799"/>
  <system-out/>
  <testcase classname="rahulshettyacademy.tests.SubmitOrderTest" name="submitOrder" time="18.451"/>
  <system-out/>
</testsuite> <!-- rahulshettyacademy.tests.SubmitOrderTest -->
