<?xml version="1.0" encoding="UTF-8"?>
<!-- Generated by org.testng.reporters.JUnitReportReporter -->
<testsuite hostname="DESKTOP-T8B8QGB" failures="0" tests="1" name="rahulshettyacademy.tests.SubmitOrderTest" time="18.112" errors="0" timestamp="2022-09-10T00:43:43 IST" skipped="0">
  <testcase classname="rahulshettyacademy.tests.SubmitOrderTest" name="submitOrder" time="18.112"/>
  <system-out/>
</testsuite> <!-- rahulshettyacademy.tests.SubmitOrderTest -->
