<?xml version="1.0" encoding="UTF-8"?>
<!-- Generated by org.testng.reporters.JUnitReportReporter -->
<testsuite hostname="DESKTOP-T8B8QGB" failures="0" tests="1" name="rahulshettyacademy.tests.ErrorValidations" time="4.041" errors="0" timestamp="2022-09-09T23:45:05 IST" skipped="0">
  <testcase classname="rahulshettyacademy.tests.ErrorValidations" name="submitOrder" time="4.041"/>
  <system-out/>
</testsuite> <!-- rahulshettyacademy.tests.ErrorValidations -->
